<?xml version="1.0" encoding="UTF-8"?>
<!-- Generated by org.testng.reporters.JUnitReportReporter -->
<testsuite hostname="DESKTOP-E15M9KF" failures="0" tests="1" name="FrameworkBuildTestNGTest.ExtentReportDemo.ExtentReportDemo" time="6.939" errors="0" timestamp="2025-09-26T09:13:50 IST" skipped="0">
  <testcase classname="FrameworkBuildTestNGTest.ExtentReportDemo.ExtentReportDemo" name="initialDemo" time="6.939"/>
</testsuite> <!-- FrameworkBuildTestNGTest.ExtentReportDemo.ExtentReportDemo -->
