<?xml version="1.0" encoding="UTF-8"?>
<!-- Generated by org.testng.reporters.JUnitReportReporter -->
<testsuite hostname="DESKTOP-E15M9KF" failures="0" tests="2" name="FrameworkBuildTestNGTest.Tests.ErrorValidationTest" time="52.195" errors="0" timestamp="2025-09-27T00:14:02 IST" skipped="0">
  <testcase classname="FrameworkBuildTestNGTest.Tests.ErrorValidationTest" name="productErrorValidationTest" time="27.572"/>
  <testcase classname="FrameworkBuildTestNGTest.Tests.ErrorValidationTest" name="loginErrorValidationTest" time="24.623"/>
</testsuite> <!-- FrameworkBuildTestNGTest.Tests.ErrorValidationTest -->
