<?xml version="1.0" encoding="UTF-8"?>
<!-- Generated by org.testng.reporters.JUnitReportReporter -->
<testsuite hostname="DESKTOP-E15M9KF" failures="0" tests="2" name="FrameworkBuildTestNGTest.Tests.SubmitOrderTest" time="48.375" errors="0" timestamp="2025-09-27T00:14:02 IST" skipped="0">
  <testcase classname="FrameworkBuildTestNGTest.Tests.SubmitOrderTest" name="submitOrder" time="33.041"/>
  <testcase classname="FrameworkBuildTestNGTest.Tests.SubmitOrderTest" name="productCheckInOrderPageTest" time="15.334"/>
</testsuite> <!-- FrameworkBuildTestNGTest.Tests.SubmitOrderTest -->
